<?xml version="1.0" encoding="UTF-8"?>
<!-- Generated by org.testng.reporters.JUnitReportReporter -->
<testsuite hostname="DESKTOP-QLPIVJU" failures="0" tests="1" name="Testler.day1" time="0.006" errors="0" timestamp="2022-09-19T19:17:51 TRT" skipped="0">
  <testcase classname="Testler.day1" name="Demo" time="0.006"/>
  <system-out/>
</testsuite> <!-- Testler.day1 -->
