<?xml version="1.0" encoding="UTF-8"?>
<!-- Generated by org.testng.reporters.JUnitReportReporter -->
<testsuite hostname="DESKTOP-QLPIVJU" failures="0" tests="2" name="Testler.day2" time="0.002" errors="0" timestamp="2022-09-19T19:17:51 TRT" skipped="1">
  <testcase classname="Testler.day2" name="Demo" time="0.002"/>
  <system-out/>
  <testcase classname="Testler.day2" name="SecondTest">
    <skipped/>
  </testcase> <!-- SecondTest -->
  <system-out/>
</testsuite> <!-- Testler.day2 -->
